<?xml version="1.0" encoding="UTF-8"?>
<!-- Generated by org.testng.reporters.JUnitReportReporter -->
<testsuite hostname="user-PC" failures="0" tests="4" name="testcases.LoginPageTest" time="44.175" errors="0" timestamp="2024-09-11T16:35:16 IST" skipped="0">
  <testcase classname="testcases.LoginPageTest" name="loginTest" time="6.715"/>
  <system-out/>
  <testcase classname="testcases.LoginPageTest" name="loginTest" time="6.559"/>
  <system-out/>
  <testcase classname="testcases.LoginPageTest" name="loginTest" time="4.825"/>
  <system-out/>
  <testcase classname="testcases.LoginPageTest" name="loginTest" time="26.076"/>
  <system-out/>
</testsuite> <!-- testcases.LoginPageTest -->
